[debug] [2018-08-15T09:15:47.336Z] ----------------------------------------------------------------------
[debug] [2018-08-15T09:15:47.338Z] Command:       /usr/local/Cellar/node/10.7.0/bin/node /usr/local/bin/firebase serve
[debug] [2018-08-15T09:15:47.338Z] CLI Version:   4.0.3
[debug] [2018-08-15T09:15:47.338Z] Platform:      darwin
[debug] [2018-08-15T09:15:47.338Z] Node Version:  v10.7.0
[debug] [2018-08-15T09:15:47.339Z] Time:          Wed Aug 15 2018 11:15:47 GMT+0200 (Central European Summer Time)
[debug] [2018-08-15T09:15:47.339Z] ----------------------------------------------------------------------
[debug] 
[debug] [2018-08-15T09:15:47.484Z] > command requires scopes: ["email","openid","https://www.googleapis.com/auth/cloudplatformprojects.readonly","https://www.googleapis.com/auth/firebase","https://www.googleapis.com/auth/cloud-platform"]
[debug] [2018-08-15T09:15:47.484Z] > authorizing via signed-in user
[debug] [2018-08-15T09:15:47.486Z] > refreshing access token with scopes: ["email","https://www.googleapis.com/auth/cloud-platform","https://www.googleapis.com/auth/cloudplatformprojects.readonly","https://www.googleapis.com/auth/firebase","openid"]
[debug] [2018-08-15T09:15:47.486Z] >>> HTTP REQUEST POST https://www.googleapis.com/oauth2/v3/token  
 { refresh_token:
   '1/6ftYmXiOgRIM6VaxYhJ6rO2mJEUZNoAtw2t-aZsqXE-bc9hJ3N4CO-xfdWrTL8ip',
  client_id:
   '563584335869-fgrhgmd47bqnekij5i8b5pr03ho849e6.apps.googleusercontent.com',
  client_secret: 'j9iVZfS8kkCEFUPaAeJV0sAi',
  grant_type: 'refresh_token',
  scope:
   'email https://www.googleapis.com/auth/cloud-platform https://www.googleapis.com/auth/cloudplatformprojects.readonly https://www.googleapis.com/auth/firebase openid' } 
 Wed Aug 15 2018 11:15:47 GMT+0200 (Central European Summer Time)
[debug] [2018-08-15T09:15:47.738Z] <<< HTTP RESPONSE 200
[debug] [2018-08-15T09:15:48.513Z] >>> HTTP REQUEST GET https://admin.firebase.com/v1/projects/richardhotline-7e1d2  
  
 Wed Aug 15 2018 11:15:48 GMT+0200 (Central European Summer Time)
[debug] [2018-08-15T09:15:49.343Z] <<< HTTP RESPONSE 200
[debug] [2018-08-15T09:15:49.344Z] >>> HTTP REQUEST GET https://admin.firebase.com/v1/database/richardhotline-7e1d2/tokens  
  
 Wed Aug 15 2018 11:15:49 GMT+0200 (Central European Summer Time)
[debug] [2018-08-15T09:15:49.938Z] <<< HTTP RESPONSE 200
[debug] [2018-08-15T09:15:49.939Z] >>> HTTP REQUEST GET https://cloudresourcemanager.googleapis.com/v1/projects/richardhotline-7e1d2  
  
 Wed Aug 15 2018 11:15:49 GMT+0200 (Central European Summer Time)
[debug] [2018-08-15T09:15:50.757Z] <<< HTTP RESPONSE 200
